<?xml version="1.0" encoding="UTF-8"?>
<robot generator="Robot 3.1.2 (Python 3.7.7 on win32)" generated="20200809 11:09:07.988" rpa="false">
<suite id="s1" name="Tests" source="C:\Users\kstine\github\robotsatplay\Tests">
<suite id="s1-s1" name="Test" source="C:\Users\kstine\github\robotsatplay\Tests\test.robot">
<test id="s1-s1-t1" name="Do things">
<kw name="Log To Console" library="BuiltIn">
<doc>Logs the given message to the console.</doc>
<arguments>
<arg>${LISTA}</arg>
</arguments>
<status status="PASS" starttime="20200809 11:09:08.014" endtime="20200809 11:09:08.014"></status>
</kw>
<kw name="Log To Console" library="BuiltIn">
<doc>Logs the given message to the console.</doc>
<arguments>
<arg>${LISTB}</arg>
</arguments>
<status status="PASS" starttime="20200809 11:09:08.014" endtime="20200809 11:09:08.014"></status>
</kw>
<kw name="Evaluate" library="BuiltIn">
<doc>Evaluates the given expression in Python and returns the results.</doc>
<arguments>
<arg>"lista=" + str(len(${LISTA}))</arg>
</arguments>
<assign>
<var>${lenlista}</var>
</assign>
<msg timestamp="20200809 11:09:08.015" level="INFO">${lenlista} = lista=3</msg>
<status status="PASS" starttime="20200809 11:09:08.015" endtime="20200809 11:09:08.015"></status>
</kw>
<kw name="Evaluate" library="BuiltIn">
<doc>Evaluates the given expression in Python and returns the results.</doc>
<arguments>
<arg>"listb=" + str(len(${LISTB}))</arg>
</arguments>
<assign>
<var>${lenlistb}</var>
</assign>
<msg timestamp="20200809 11:09:08.016" level="INFO">${lenlistb} = listb=2</msg>
<status status="PASS" starttime="20200809 11:09:08.016" endtime="20200809 11:09:08.016"></status>
</kw>
<kw name="Evaluate" library="BuiltIn">
<doc>Evaluates the given expression in Python and returns the results.</doc>
<arguments>
<arg>len(${LISTA})==len(${LISTB})</arg>
</arguments>
<assign>
<var>${evalbool}</var>
</assign>
<msg timestamp="20200809 11:09:08.017" level="INFO">${evalbool} = False</msg>
<status status="PASS" starttime="20200809 11:09:08.016" endtime="20200809 11:09:08.017"></status>
</kw>
<kw name="Evaluate" library="BuiltIn">
<doc>Evaluates the given expression in Python and returns the results.</doc>
<arguments>
<arg>any(check in ${LISTA} for check in ${LISTB})</arg>
</arguments>
<assign>
<var>${bool}</var>
</assign>
<msg timestamp="20200809 11:09:08.018" level="INFO">${bool} = True</msg>
<status status="PASS" starttime="20200809 11:09:08.017" endtime="20200809 11:09:08.018"></status>
</kw>
<kw name="Run Keyword If" library="BuiltIn">
<doc>Runs the given keyword with the given arguments, if ``condition`` is true.</doc>
<arguments>
<arg>${bool}==True</arg>
<arg>Evaluate</arg>
<arg>[value for value in ${LISTA} if value in ${LISTB}]</arg>
</arguments>
<assign>
<var>@{eval}</var>
</assign>
<kw name="Evaluate" library="BuiltIn">
<doc>Evaluates the given expression in Python and returns the results.</doc>
<arguments>
<arg>[value for value in ${LISTA} if value in ${LISTB}]</arg>
</arguments>
<status status="PASS" starttime="20200809 11:09:08.018" endtime="20200809 11:09:08.019"></status>
</kw>
<msg timestamp="20200809 11:09:08.019" level="INFO">@{eval} = [ Rat Poison ]</msg>
<status status="PASS" starttime="20200809 11:09:08.018" endtime="20200809 11:09:08.019"></status>
</kw>
<kw name="Log To Console" library="BuiltIn">
<doc>Logs the given message to the console.</doc>
<arguments>
<arg>${lenlista} ${lenlistb} Equal=${evalbool} ${eval} ${evalbool}</arg>
</arguments>
<status status="PASS" starttime="20200809 11:09:08.019" endtime="20200809 11:09:08.019"></status>
</kw>
<status status="PASS" starttime="20200809 11:09:08.013" endtime="20200809 11:09:08.020" critical="yes"></status>
</test>
<status status="PASS" starttime="20200809 11:09:08.011" endtime="20200809 11:09:08.020"></status>
</suite>
<status status="PASS" starttime="20200809 11:09:07.990" endtime="20200809 11:09:08.022"></status>
</suite>
<statistics>
<total>
<stat pass="1" fail="0">Critical Tests</stat>
<stat pass="1" fail="0">All Tests</stat>
</total>
<tag>
</tag>
<suite>
<stat pass="1" fail="0" id="s1" name="Tests">Tests</stat>
<stat pass="1" fail="0" id="s1-s1" name="Test">Tests.Test</stat>
</suite>
</statistics>
<errors>
</errors>
</robot>
